{
  "stats": {
    "suites": 1,
    "tests": 2,
    "passes": 2,
    "pending": 0,
    "failures": 0,
    "start": "2025-03-20T01:43:34.237Z",
    "end": "2025-03-20T01:43:34.577Z",
    "duration": 340,
    "testsRegistered": 2,
    "passPercent": 100,
    "pendingPercent": 0,
    "other": 0,
    "hasOther": false,
    "skipped": 0,
    "hasSkipped": false
  },
  "results": [
    {
      "uuid": "d2c14199-32a5-4a69-b2df-d49580f23f0b",
      "title": "",
      "fullFile": "cypress\\e2e\\Test_Api.cy.js",
      "file": "cypress\\e2e\\Test_Api.cy.js",
      "beforeHooks": [],
      "afterHooks": [],
      "tests": [],
      "suites": [
        {
          "uuid": "97f8930d-e812-4dca-bad6-b70d3d725cca",
          "title": "Test Api Users",
          "fullFile": "",
          "file": "",
          "beforeHooks": [],
          "afterHooks": [],
          "tests": [
            {
              "title": "Should test data base reset ",
              "fullTitle": "Test Api Users Should test data base reset ",
              "timedOut": null,
              "duration": 248,
              "state": "passed",
              "speed": "fast",
              "pass": true,
              "fail": false,
              "pending": false,
              "context": null,
              "code": "cy.request('GET', 'http://localhost:8081/api/users').then(response => {\n  expect(response.status).to.eq(200);\n  expect(response.body.length).to.eq(0);\n});",
              "err": {},
              "uuid": "0859a85a-aa42-4c17-95e4-634d738bd86c",
              "parentUUID": "97f8930d-e812-4dca-bad6-b70d3d725cca",
              "isHook": false,
              "skipped": false
            },
            {
              "title": "should creat user",
              "fullTitle": "Test Api Users should creat user",
              "timedOut": null,
              "duration": 52,
              "state": "passed",
              "speed": "fast",
              "pass": true,
              "fail": false,
              "pending": false,
              "context": null,
              "code": "cy.fixture('users.json').then(users => {\n  cy.request({\n    method: 'POST',\n    url: 'http://localhost:8081/api/users',\n    body: users\n  }).then(response => {\n    expect(response.status).to.eq(200);\n    cy.log(response.body);\n    //expect(response.body.length).to.eq(4)\n    expect(response.body).to.have.property('id');\n    expect(response.body).to.have.property('username', 'kamal');\n    expect(response.body).to.have.property('password', 'password123');\n    expect(response.body).to.have.property('email', 'alice@example.com');\n    expect(response.body).to.have.property('name', 'Alice');\n  });\n});",
              "err": {},
              "uuid": "aed8e20a-ebc8-40e1-9670-ac98c79b6c69",
              "parentUUID": "97f8930d-e812-4dca-bad6-b70d3d725cca",
              "isHook": false,
              "skipped": false
            }
          ],
          "suites": [],
          "passes": [
            "0859a85a-aa42-4c17-95e4-634d738bd86c",
            "aed8e20a-ebc8-40e1-9670-ac98c79b6c69"
          ],
          "failures": [],
          "pending": [],
          "skipped": [],
          "duration": 300,
          "root": false,
          "rootEmpty": false,
          "_timeout": 2000
        }
      ],
      "passes": [],
      "failures": [],
      "pending": [],
      "skipped": [],
      "duration": 0,
      "root": true,
      "rootEmpty": true,
      "_timeout": 2000
    }
  ],
  "meta": {
    "mocha": {
      "version": "7.0.1"
    },
    "mochawesome": {
      "options": {
        "quiet": false,
        "reportFilename": "mochawesome",
        "saveHtml": true,
        "saveJson": true,
        "consoleReporter": "spec",
        "useInlineDiffs": false,
        "code": true
      },
      "version": "7.1.3"
    },
    "marge": {
      "options": {
        "reportDir": "cypress/reports",
        "overwrite": true,
        "html": true,
        "timestamp": "mmddyyyy_HHMMss"
      },
      "version": "6.2.0"
    }
  }
}